<?xml version="1.0" encoding="UTF-8"?>
<testng-results skipped="0" failed="0" total="0" passed="0">
  <reporter-output>
  </reporter-output>
  <suite name="com.tms.transportPlanning.TestRunner" duration-ms="7" started-at="2017-12-05T16:38:34Z" finished-at="2017-12-05T16:38:34Z">
    <groups>
    </groups>
    <test name="Command line test" duration-ms="7" started-at="2017-12-05T16:38:34Z" finished-at="2017-12-05T16:38:34Z">
    </test> <!-- Command line test -->
  </suite> <!-- com.tms.transportPlanning.TestRunner -->
</testng-results>
