<?xml version="1.0" encoding="UTF-8"?>
<testng-results skipped="0" failed="1" total="1" passed="0">
  <reporter-output>
  </reporter-output>
  <suite name="Suite" duration-ms="231253" started-at="2018-06-26T17:47:33Z" finished-at="2018-06-26T17:51:24Z">
    <groups>
    </groups>
    <test name="Test" duration-ms="231253" started-at="2018-06-26T17:47:33Z" finished-at="2018-06-26T17:51:24Z">
      <class name="com.tms.transportPlanning.TestRunner">
        <test-method status="PASS" signature="reporting()[pri:0, instance:com.tms.transportPlanning.TestRunner@8bd1b6a]" name="reporting" is-config="true" duration-ms="1307" started-at="2018-06-26T23:17:33Z" finished-at="2018-06-26T23:17:34Z">
          <reporter-output>
          </reporter-output>
        </test-method> <!-- reporting -->
        <test-method status="FAIL" signature="Executer(java.lang.String, java.lang.String)[pri:0, instance:com.tms.transportPlanning.TestRunner@8bd1b6a]" name="Executer" duration-ms="226204" started-at="2018-06-26T23:17:34Z" finished-at="2018-06-26T23:21:20Z">
          <params>
            <param index="0">
              <value>
                <![CDATA[Chrome]]>
              </value>
            </param>
            <param index="1">
              <value>
                <![CDATA[https://network-supportp.qa.gtnexus.com]]>
              </value>
            </param>
          </params>
          <exception class="com.keywords.CustomExceptions">
            <message>
              <![CDATA[Transport Order has not created from RTS, Please check your data]]>
            </message>
            <full-stacktrace>
              <![CDATA[com.keywords.CustomExceptions: Transport Order has not created from RTS, Please check your data
	at com.businessDefination.CommonBusinessFunction.searchForTOInFlexView(CommonBusinessFunction.java:245)
	at com.tms.transportPlanning.TestRunner.Executer(TestRunner.java:56)
	at sun.reflect.NativeMethodAccessorImpl.invoke0(Native Method)
	at sun.reflect.NativeMethodAccessorImpl.invoke(Unknown Source)
	at sun.reflect.DelegatingMethodAccessorImpl.invoke(Unknown Source)
	at java.lang.reflect.Method.invoke(Unknown Source)
	at org.testng.internal.MethodInvocationHelper.invokeMethod(MethodInvocationHelper.java:80)
	at org.testng.internal.Invoker.invokeMethod(Invoker.java:714)
	at org.testng.internal.Invoker.invokeTestMethod(Invoker.java:901)
	at org.testng.internal.Invoker.invokeTestMethods(Invoker.java:1231)
	at org.testng.internal.TestMethodWorker.invokeTestMethods(TestMethodWorker.java:127)
	at org.testng.internal.TestMethodWorker.run(TestMethodWorker.java:111)
	at org.testng.TestRunner.privateRun(TestRunner.java:767)
	at org.testng.TestRunner.run(TestRunner.java:617)
	at org.testng.SuiteRunner.runTest(SuiteRunner.java:334)
	at org.testng.SuiteRunner.runSequentially(SuiteRunner.java:329)
	at org.testng.SuiteRunner.privateRun(SuiteRunner.java:291)
	at org.testng.SuiteRunner.run(SuiteRunner.java:240)
	at org.testng.SuiteRunnerWorker.runSuite(SuiteRunnerWorker.java:52)
	at org.testng.SuiteRunnerWorker.run(SuiteRunnerWorker.java:86)
	at org.testng.TestNG.runSuitesSequentially(TestNG.java:1198)
	at org.testng.TestNG.runSuitesLocally(TestNG.java:1123)
	at org.testng.TestNG.run(TestNG.java:1031)
	at org.testng.remote.AbstractRemoteTestNG.run(AbstractRemoteTestNG.java:114)
	at org.testng.remote.RemoteTestNG.initAndRun(RemoteTestNG.java:251)
	at org.testng.remote.RemoteTestNG.main(RemoteTestNG.java:77)
]]>
            </full-stacktrace>
          </exception> <!-- com.keywords.CustomExceptions -->
          <reporter-output>
          </reporter-output>
        </test-method> <!-- Executer -->
        <test-method status="PASS" signature="afterExecution()[pri:0, instance:com.tms.transportPlanning.TestRunner@8bd1b6a]" name="afterExecution" is-config="true" duration-ms="1612" started-at="2018-06-26T23:21:22Z" finished-at="2018-06-26T23:21:24Z">
          <reporter-output>
          </reporter-output>
        </test-method> <!-- afterExecution -->
      </class> <!-- com.tms.transportPlanning.TestRunner -->
    </test> <!-- Test -->
  </suite> <!-- Suite -->
</testng-results>
