<?xml version="1.0" encoding="UTF-8"?>
<testng-results skipped="0" failed="0" total="1" passed="1">
  <reporter-output>
  </reporter-output>
  <suite name="Suite" duration-ms="117506" started-at="2018-06-21T17:55:04Z" finished-at="2018-06-21T17:57:02Z">
    <groups>
    </groups>
    <test name="Test" duration-ms="117506" started-at="2018-06-21T17:55:04Z" finished-at="2018-06-21T17:57:02Z">
      <class name="com.tms.transportPlanning.TestRunner">
        <test-method status="PASS" signature="reporting()[pri:0, instance:com.tms.transportPlanning.TestRunner@8bd1b6a]" name="reporting" is-config="true" duration-ms="2232" started-at="2018-06-21T23:25:04Z" finished-at="2018-06-21T23:25:07Z">
          <reporter-output>
          </reporter-output>
        </test-method> <!-- reporting -->
        <test-method status="PASS" signature="Executer(java.lang.String, java.lang.String, java.lang.String)[pri:0, instance:com.tms.transportPlanning.TestRunner@8bd1b6a]" name="Executer" duration-ms="108315" started-at="2018-06-21T23:25:07Z" finished-at="2018-06-21T23:26:55Z">
          <params>
            <param index="0">
              <value>
                <![CDATA[Chrome]]>
              </value>
            </param>
            <param index="1">
              <value>
                <![CDATA[https://network-supportp.qa.gtnexus.com]]>
              </value>
            </param>
            <param index="2">
              <value>
                <![CDATA[NH]]>
              </value>
            </param>
          </params>
          <reporter-output>
          </reporter-output>
        </test-method> <!-- Executer -->
        <test-method status="PASS" signature="afterExecution()[pri:0, instance:com.tms.transportPlanning.TestRunner@8bd1b6a]" name="afterExecution" is-config="true" duration-ms="6941" started-at="2018-06-21T23:26:55Z" finished-at="2018-06-21T23:27:02Z">
          <reporter-output>
          </reporter-output>
        </test-method> <!-- afterExecution -->
      </class> <!-- com.tms.transportPlanning.TestRunner -->
    </test> <!-- Test -->
  </suite> <!-- Suite -->
</testng-results>
